0:100  0:100  MemLog inited, TSC freq: 2208347780
0:100  0:000  CPU was calibrated with RTC
0:100  0:000  
0:100  0:000  Now is 1.5.2019,  17:37:6 (GMT)
0:100  0:000  Starting Clover revision: 4920 on American Megatrends EFI
0:100  0:000  Build with: [Args: -nb -mc --no-usb -D NO_GRUB_DRIVERS_EMBEDDED | -D DISABLE_USB_SUPPORT -D NO_GRUB_DRIVERS_EMBEDDED -D USE_BIOS_BLOCKIO -D USE_LOW_EBDA -D HAVE_LEGACY_EMURUNTIMEDXE -a X64 -b RELEASE -t XCODE8 -n 5 | OS: 10.13.6 | XCODE: 10.1]
0:100  0:000  SelfDevicePath=PciRoot(0x0)\Pci(0x1D,0x0)\Pci(0x0,0x0)\NVMe(0x1,2D-71-54-44-8B-44-1B-00)\HD(1,GPT,E4E7C60D-1FCD-47A3-A6D7-F5B14B99182D,0x800,0x96000) @34C24618
0:100  0:000  SelfDirPath = \EFI\CLOVER
0:100  0:000  === [ Get Smbios ] ========================================
0:107  0:006  Type 16 Index = 0
0:107  0:000  Total Memory Slots Count = 2
0:107  0:000  Type 17 Index = 0
0:107  0:000  Ignoring insane frequency value 0MHz
0:107  0:000  SmbiosTable.Type17->Speed = 0MHz
0:107  0:000  SmbiosTable.Type17->Size = 0MB
0:107  0:000  SmbiosTable.Type17->Bank/Device = BANK 0 ChannelA-DIMM0
0:107  0:000  SmbiosTable.Type17->Vendor = <null string>
0:107  0:000  SmbiosTable.Type17->SerialNumber = <null string>
0:107  0:000  SmbiosTable.Type17->PartNumber = <null string>
0:107  0:000  Type 17 Index = 1
0:107  0:000  SmbiosTable.Type17->Speed = 2667MHz
0:107  0:000  SmbiosTable.Type17->Size = 16384MB
0:107  0:000  SmbiosTable.Type17->Bank/Device = BANK 2 ChannelB-DIMM0
0:107  0:000  SmbiosTable.Type17->Vendor = Kingston
0:107  0:000  SmbiosTable.Type17->SerialNumber = 422A07D4
0:107  0:000  SmbiosTable.Type17->PartNumber = MSI26D4S9D8ME-16    
0:107  0:000  Boot status=0
0:107  0:000  Running on: 'GS65 Stealth 8SE' with board 'MS-16Q4'
0:107  0:000  === [ GetCPUProperties ] ==================================
0:107  0:000  CPU Vendor = 756E6547 Model=906EA
0:107  0:000   The CPU supported SSE4.1
0:107  0:000  BrandString = Intel(R) Core(TM) i7-8750H CPU @ 2.20GHz
0:107  0:000   The CPU supported turbo
0:107  0:000  MSR 0x35               6000C
0:107  0:000   TSC/CCC Information Leaf:
0:107  0:000    numerator     : 184
0:107  0:000    denominator   : 2
0:107  0:000   Calibrated ARTFrequency: 24003780
0:107  0:000  MSR 0xE2 before patch 1E008005
0:107  0:000  MSR 0xE2 is locked, PM patches will be turned on
0:107  0:000  MSR 0xCE              0008083B_F1011600
0:107  0:000  corrected FLEX_RATIO = 0
0:107  0:000  MSR 0x1B0             00000000
0:107  0:000  FSBFrequency = 95 MHz, DMI FSBFrequency = 100 MHz, Corrected FSBFrequency = 100 MHz
0:107  0:000  MaxDiv/MinDiv: 22.0/8
0:107  0:000  Turbo: 40/40/41/41
0:107  0:000  Features: 0xBFEBFBFF
0:107  0:000  Threads: 12
0:107  0:000  Cores: 6
0:107  0:000  FSB: 100 MHz
0:107  0:000  CPU: 2079 MHz
0:107  0:000  TSC: 2079 MHz
0:107  0:000  PIS: 100 MHz
0:107  0:000  ExternalClock: 25 MHz
0:107  0:000  === [ GetDevices ] ========================================
0:107  0:000  PCI (00|00:00.00) : 8086 3EC4 class=060000
0:107  0:000  PCI (00|00:01.00) : 8086 1901 class=060400
0:107  0:000  PCI (00|01:00.00) : 10DE 1F11 class=030000
0:107  0:000   - GFX: Model=Unknown family 3FF (unknown)
0:107  0:000  PCI (00|01:00.01) : 10DE 10F9 class=040300
0:107  0:000   - HDMI Audio: 
0:107  0:000  PCI (00|01:00.02) : 10DE 1ADA class=0C0330
0:107  0:000  PCI (00|01:00.03) : 10DE 1ADB class=0C8000
0:107  0:000  PCI (00|00:02.00) : 8086 3E9B class=030000
0:107  0:000   - GFX: Model=Intel UHD Graphics 630 (Intel)
0:107  0:000  PCI (00|00:12.00) : 8086 A379 class=118000
0:107  0:000  PCI (00|00:14.00) : 8086 A36D class=0C0330
0:107  0:000  PCI (00|00:14.02) : 8086 A36F class=050000
0:107  0:000  PCI (00|00:14.03) : 8086 A370 class=028000
0:107  0:000   - WIFI: Vendor=Intel
0:107  0:000  PCI (00|00:15.00) : 8086 A368 class=0C8000
0:107  0:000  PCI (00|00:15.02) : 8086 A36A class=0C8000
0:107  0:000  PCI (00|00:16.00) : 8086 A360 class=078000
0:107  0:000  PCI (00|00:1B.00) : 8086 A340 class=060400
0:107  0:000  PCI (00|00:1D.00) : 8086 A330 class=060400
0:107  0:000  PCI (00|3B:00.00) : 15B7 5003 class=010802
0:107  0:000  PCI (00|00:1D.04) : 8086 A334 class=060400
0:107  0:000  PCI (00|3C:00.00) : 1969 E0B1 class=020000
0:107  0:000   - LAN: 0 Vendor=Atheros
0:107  0:000  PCI (00|00:1F.00) : 8086 A30D class=060100
0:107  0:000  PCI (00|00:1F.03) : 8086 A348 class=040300
0:108  0:000  PCI (00|00:1F.04) : 8086 A323 class=0C0500
0:108  0:000  PCI (00|00:1F.05) : 8086 A324 class=0C8000
0:108  0:000  === [ GetDefaultSettings ] ================================
0:108  0:000  Clover load options size = 0 bytes
0:109  0:001  EFI\CLOVER\config.plist loaded: Success
0:115  0:006  === [ GetListOfThemes ] ===================================
0:115  0:000  - [00]: BGM
0:116  0:000  - [01]: embedded
0:117  0:000  - [01]: random
0:117  0:000  - [01]: bootcamp
0:118  0:000  === [ Found config plists ] ===============================
0:118  0:000  - config.plist
0:118  0:000  - config copy.plist
0:118  0:000  === [ GetEarlyUserSettings ] ==============================
0:118  0:000  timeout set to 5
0:118  0:000  Custom boot CUSTOM_BOOT_DISABLED (0x0)
0:118  0:000  ForceKextsToLoad: 1 requested
0:118  0:000   - [0]: System\Library\Extensions\IONetworkingFamily.kext
0:118  0:000  KextsToPatch: 3 requested
0:118  0:000   - [00]: com.apple.iokit.IOUSBHostFamily (USB Port Limit Patch 1 ©PMHeart
) :: MatchOS: 10.14.4 :: BinPatch :: data len: 9
0:118  0:000   - [01]: com.apple.driver.usb.AppleUSBXHCI (USB Port Limit Patch 2 ©PMHeart) :: MatchOS: 10.14.4 :: BinPatch :: data len: 10
0:118  0:000   - [02]: com.apple.iokit.IOUSBHostFamily (USB Port Limit Patch 3 ©PMHeart) :: MatchOS: 10.14.4 :: BinPatch :: data len: 8
0:118  0:000  KernelToPatch: 3 requested
0:118  0:000   - [00]: MSR 0xE2 _xcpm_idle instant reboot(c) Pike R. Alpha :: data len: 8
0:118  0:000   - [01]: Disable panic kext logging on 10.13 release kernel (credit vit9696) :: MatchOS: 10.13.x :: data len: 6
0:118  0:000   - [02]: Disable panic kext logging on 10.14 release kernel (credit vit9696) :: MatchOS: 10.14.x :: data len: 6
0:118  0:000  Default theme: bootcamp
0:118  0:000  Hiding entries with string Preboot
0:119  0:000  === [ LoadDrivers ] =======================================
0:119  0:000  Loading ApfsDriverLoader-64.efi  status=Success
0:120  0:001   - driver needs connecting
0:120  0:000  Loading AudioDxe-64.efi  status=Success
0:121  0:001   - driver needs connecting
0:121  0:000  Loading DataHubDxe-64.efi  status=Success
0:123  0:001  Loading FSInject-64.efi  status=Success
0:124  0:000  Loading NvmExpressDxe-64.efi  status=Success
0:126  0:001   - driver needs connecting
0:126  0:000  Loading OsxAptioFixDrv-64.efi  status=Success
0:127  0:000  Loading SMCHelper-64.efi  status=Success
0:128  0:001  Loading HFSPlus.efi  status=Success
0:129  0:001   - driver needs connecting
0:130  0:000  4 drivers needs connecting ...
0:130  0:000  PlatformDriverOverrideProtocol not found. Installing ... Success
0:130  0:000  HFS+ driver loaded
0:130  0:000  APFS driver loaded
0:130  0:000  Searching for invalid DiskIo BY_DRIVER connects: not found, all ok
6:376  6:246  === [ InitScreen ] ========================================
6:376  0:000  Console modes reported: 4, available modes:
6:376  0:000   - [01]: 80x25 (current mode)
6:376  0:000   - [02]: 80x50
6:376  0:000   - [03]: 100x31
6:376  0:000   - [04]: 240x56
6:376  0:000  SetScreenResolution: 1920x1080 - already set
6:376  0:000  reinit: self device path=PciRoot(0x0)\Pci(0x1D,0x0)\Pci(0x0,0x0)\NVMe(0x1,2D-71-54-44-8B-44-1B-00)\HD(1,GPT,E4E7C60D-1FCD-47A3-A6D7-F5B14B99182D,0x800,0x96000)
6:377  0:000  Using embedded font: Success
6:378  0:001  === [ GetMacAddress ] =====================================
6:378  0:000  MAC address of LAN #0= 00:D8:61:07:7A:4A:
6:378  0:000  === [ ScanSPD ] ===========================================
6:379  0:000  Scanning SMBus [8086:A323], mmio: 0xAD41A004, ioport: 0xEFA0, hostc: 0x11
6:401  0:022  Slot: 2 Type 26 16384MB 2666MHz Vendor=Kingston PartNo=MSI26D4S9D8ME-16 SerialNo=0402020A00070D04
6:403  0:001  === [ GetAcpiTablesList ] =================================
6:410  0:007  Get Acpi Tables List from RSDT:
6:410  0:000   - [00]: FACP  MEGABOOK len=132
6:410  0:000   - [01]: APIC  MEGABOOK len=244
6:410  0:000   - [02]: FPDT  MEGABOOK len=68
6:410  0:000   - [03]: FIDT  MEGABOOK len=156
6:410  0:000   - [04]: MCFG  MEGABOOK len=60
6:410  0:000   - [05]: SSDT  SataTabl len=888
6:410  0:000   - [06]: SSDT  CpuSsdt len=6086
6:410  0:000   - [07]: MSDM  MEGABOOK len=85
6:410  0:000   - [08]: SLIC  MEGABOOK len=374
6:410  0:000   - [09]: SSDT  SaSsdt  len=12742
6:410  0:000   - [10]: SSDT  PegSsdt len=9548
6:410  0:000   - [11]: HPET  MEGABOOK len=56
6:410  0:000   - [12]: SSDT  xh_cfht4 len=11735
6:410  0:000   - [13]: UEFI  MEGABOOK len=72
6:410  0:000   - [14]: LPIT  MEGABOOK len=92
6:410  0:000   - [15]: SSDT  PtidDevc len=10206
6:410  0:000   - [16]: SSDT  TbtTypeC len=5346
6:410  0:000   - [17]: DBGP  MEGABOOK len=52
6:410  0:000   - [18]: DBG2  MEGABOOK len=84
6:410  0:000   - [19]: SSDT  ADebTabl len=324
6:410  0:000   - [20]: SSDT  SgPeg len=174
6:410  0:000   - [21]: BGRT  MEGABOOK len=56
6:410  0:000   - [22]: SSDT  OptTabl len=8584
6:410  0:000   - [23]: WSMT  MEGABOOK len=40
6:410  0:000  Calibrated TSC Frequency = 2208347780 = 2208MHz
6:411  0:000  === [ GetUserSettings ] ===================================
6:411  0:000  Add 2 devices:
6:411  0:000  Add 3 properties:
6:411  0:000   - [00]: NVidia Key: name, len: 9
6:411  0:000   - [01]: NVidia Key: IOName, len: 9
6:411  0:000   - [02]: NVidia Key: class-code, len: 4
6:411  0:000  USB FixOwnership: yes
6:411  0:000  Dropping 4 tables:
6:411  0:000   - [00]: Drop table  signature="#MCF" (46434D23)
6:411  0:000           - set table: 46434D23,                0 to drop: no
6:411  0:000   - [01]: Drop table  signature="DMAR" (52414D44)
6:411  0:000           - set table: 52414D44,                0 to drop: no
6:411  0:000   - [02]: Drop table  signature="SSDT" (54445353) table-id="xh_rvp10" (30317076725F6878)
6:411  0:000           - set table: 54445353, 30317076725F6878 to drop: no
6:411  0:000   - [03]: Drop table  signature="SSDT" (54445353) table-id="SSDT-DDG" (4744442D54445353)
6:411  0:000           - set table: 54445353, 4744442D54445353 to drop: no
6:411  0:000   - final DSDT Fix mask=00000000
6:411  0:000  PatchesDSDT: 4 requested
6:411  0:000   - [00]: (ACPI Patch) lenToFind: 8, lenToReplace: 8, Target Bridge: <null string>
6:411  0:000   - [01]: (HECI to IMEI) lenToFind: 4, lenToReplace: 4, Target Bridge: <null string>
6:411  0:000   - [02]: (_DSM to XDSM) lenToFind: 4, lenToReplace: 4, Target Bridge: <null string>
6:411  0:000   - [03]: (_OSI to XOSI) lenToFind: 4, lenToReplace: 4, Target Bridge: <null string>
6:411  0:000  Using ProductName from config: MacBookPro15,2
6:411  0:000  BiosVersion: not set, Using BiosVersion from clover
6:411  0:000  BiosVersion: MBP152.88Z.F000.B00.1809171524
6:411  0:000  BiosReleaseDate: 09/17/2018
6:411  0:000  Using EfiVersion from clover: 220.250.320.0.0
6:411  0:000  Using FirmwareFeatures from clover: 0xFC0FE137
6:411  0:000  Using FirmwareFeaturesMask from clover: 0xFF1FFF3F
6:411  0:000  Using PlatformFeature from clover: 0x1A
6:412  0:000  === [ Found DSDT tables ] =================================
6:412  0:000  - DSDT.aml
6:447  0:034  === [ ScanVolumes ] =======================================
6:447  0:000  Found 10 volumes with blockIO
6:447  0:000  - [00]: Volume: PciRoot(0x0)\Pci(0x1D,0x0)\Pci(0x0,0x0)\NVMe(0x1,2D-71-54-44-8B-44-1B-00)
6:447  0:000  - [01]: Volume: PciRoot(0x0)\Pci(0x1D,0x0)\Pci(0x0,0x0)\NVMe(0x1,2D-71-54-44-8B-44-1B-00)\HD(1,GPT,E4E7C60D-1FCD-47A3-A6D7-F5B14B99182D,0x800,0x96000)
6:447  0:000          Result of bootcode detection: bootable Windows (vista,win)
6:447  0:000          This is SelfVolume !!
6:447  0:000  - [02]: Volume: PciRoot(0x0)\Pci(0x1D,0x0)\Pci(0x0,0x0)\NVMe(0x1,2D-71-54-44-8B-44-1B-00)\HD(2,GPT,6373F35B-741C-4D57-BBA5-4B76992A895B,0x96800,0x40000)
6:447  0:000  - [03]: Volume: PciRoot(0x0)\Pci(0x1D,0x0)\Pci(0x0,0x0)\NVMe(0x1,2D-71-54-44-8B-44-1B-00)\HD(3,GPT,5CA647C3-AFFC-4E73-8E6E-97340BD0EBBD,0xD6800,0x2596D800)
6:447  0:000          Result of bootcode detection: bootable Windows (vista,win)
6:447  0:000  - [04]: Volume: PciRoot(0x0)\Pci(0x1D,0x0)\Pci(0x0,0x0)\NVMe(0x1,2D-71-54-44-8B-44-1B-00)\HD(4,GPT,3443B019-AB97-4413-A2A0-EBC556266034,0x25A44000,0x1C2000)
6:448  0:000          Result of bootcode detection: bootable Windows (vista,win)
6:448  0:000  - [05]: Volume: PciRoot(0x0)\Pci(0x1D,0x0)\Pci(0x0,0x0)\NVMe(0x1,2D-71-54-44-8B-44-1B-00)\HD(5,GPT,13523024-5CA7-45C5-9AB9-892075B25BBA,0x25C06000,0x15DDB288)
6:448  0:000          Result of bootcode detection: bootable unknown (legacy)
6:448  0:000  - [06]: Volume: PciRoot(0x0)\Pci(0x1D,0x0)\Pci(0x0,0x0)\NVMe(0x1,2D-71-54-44-8B-44-1B-00)\HD(5,GPT,13523024-5CA7-45C5-9AB9-892075B25BBA,0x25C06000,0x15DDB288)\VenMedia(BE74FCF7-0B7C-49F3-9147-01F4042E6842,6558EBD4F7B7EB468421A4143CAC5DDE)
6:448  0:000          hiding this volume
6:448  0:000  - [07]: Volume: PciRoot(0x0)\Pci(0x1D,0x0)\Pci(0x0,0x0)\NVMe(0x1,2D-71-54-44-8B-44-1B-00)\HD(5,GPT,13523024-5CA7-45C5-9AB9-892075B25BBA,0x25C06000,0x15DDB288)\VenMedia(BE74FCF7-0B7C-49F3-9147-01F4042E6842,F78395209A77374C88F267BC0441032F)
6:448  0:000  - [08]: Volume: PciRoot(0x0)\Pci(0x1D,0x0)\Pci(0x0,0x0)\NVMe(0x1,2D-71-54-44-8B-44-1B-00)\HD(5,GPT,13523024-5CA7-45C5-9AB9-892075B25BBA,0x25C06000,0x15DDB288)\VenMedia(BE74FCF7-0B7C-49F3-9147-01F4042E6842,A0F5C35640DA8F41BBAD922C6E577A34)
6:448  0:000  - [09]: Volume: PciRoot(0x0)\Pci(0x1D,0x0)\Pci(0x0,0x0)\NVMe(0x1,2D-71-54-44-8B-44-1B-00)\HD(5,GPT,13523024-5CA7-45C5-9AB9-892075B25BBA,0x25C06000,0x15DDB288)\VenMedia(BE74FCF7-0B7C-49F3-9147-01F4042E6842,B6E32DC8685E1241BFFB478CABEC1FA7)
6:448  0:000  found 3 handles with audio
6:449  0:000  got index=2
6:449  0:000  got volume 70
6:449  0:000  === [ InitTheme ] =========================================
6:449  0:000  use daylight theme
6:450  0:000  Using theme 'bootcamp' (EFI\CLOVER\themes\bootcamp)
6:450  0:000  Warning! Character width 9 should be even!
6:451  0:001    Channels: 2  Sample rate: 44100 Hz  Bits: 16
6:451  0:000  output to channel 2 with volume 70, len=414164
6:451  0:000   sound channels=2 bits=16 freq=44100
9:327  2:875  free sound
9:327  0:000  sound play end with status=3AB88110
9:327  0:000  Loading font from ThemeDir: Error
9:328  0:001  theme inited
9:328  0:000  Chosen theme bootcamp
9:329  0:000  after NVRAM boot-args=dart=0 nv_disable=1 -cdfon
9:329  0:000  === [ Dump SMC keys from NVRAM ] ==========================
9:329  0:000  found AppleSMC protocol
9:371  0:042  Registered 17 SMC keys
9:375  0:003  === [ AddCustomEntries ] ==================================
9:375  0:000  Custom entry 0 Title:"Recovery" Path:"\com.apple.recovery.boot\boot.efi" Type:10 Flags:0x6 matching all volumes
9:375  0:000      Checking volume "SYSTEM" (PciRoot(0x0)\Pci(0x1D,0x0)\Pci(0x0,0x0)\NVMe(0x1,2D-71-54-44-8B-44-1B-00)\HD(1,GPT,E4E7C60D-1FCD-47A3-A6D7-F5B14B99182D,0x800,0x96000)) ... skipped because path does not exist
9:375  0:000      Checking volume "Windows" (PciRoot(0x0)\Pci(0x1D,0x0)\Pci(0x0,0x0)\NVMe(0x1,2D-71-54-44-8B-44-1B-00)\HD(3,GPT,5CA647C3-AFFC-4E73-8E6E-97340BD0EBBD,0xD6800,0x2596D800)) ... skipped because path does not exist
9:375  0:000      Checking volume "WinRE tools" (PciRoot(0x0)\Pci(0x1D,0x0)\Pci(0x0,0x0)\NVMe(0x1,2D-71-54-44-8B-44-1B-00)\HD(4,GPT,3443B019-AB97-4413-A2A0-EBC556266034,0x25A44000,0x1C2000)) ... skipped because path does not exist
9:375  0:000      Checking volume "Preboot" (PciRoot(0x0)\Pci(0x1D,0x0)\Pci(0x0,0x0)\NVMe(0x1,2D-71-54-44-8B-44-1B-00)\HD(5,GPT,13523024-5CA7-45C5-9AB9-892075B25BBA,0x25C06000,0x15DDB288)\VenMedia(BE74FCF7-0B7C-49F3-9147-01F4042E6842,6558EBD4F7B7EB468421A4143CAC5DDE)) ... skipped because volume is hidden
9:375  0:000      Checking volume "Mojave" (PciRoot(0x0)\Pci(0x1D,0x0)\Pci(0x0,0x0)\NVMe(0x1,2D-71-54-44-8B-44-1B-00)\HD(5,GPT,13523024-5CA7-45C5-9AB9-892075B25BBA,0x25C06000,0x15DDB288)\VenMedia(BE74FCF7-0B7C-49F3-9147-01F4042E6842,F78395209A77374C88F267BC0441032F)) ... skipped because path does not exist
9:377  0:002      Checking volume "Recovery" (PciRoot(0x0)\Pci(0x1D,0x0)\Pci(0x0,0x0)\NVMe(0x1,2D-71-54-44-8B-44-1B-00)\HD(5,GPT,13523024-5CA7-45C5-9AB9-892075B25BBA,0x25C06000,0x15DDB288)\VenMedia(BE74FCF7-0B7C-49F3-9147-01F4042E6842,A0F5C35640DA8F41BBAD922C6E577A34)) ... skipped because path does not exist
9:378  0:000      Checking volume "VM" (PciRoot(0x0)\Pci(0x1D,0x0)\Pci(0x0,0x0)\NVMe(0x1,2D-71-54-44-8B-44-1B-00)\HD(5,GPT,13523024-5CA7-45C5-9AB9-892075B25BBA,0x25C06000,0x15DDB288)\VenMedia(BE74FCF7-0B7C-49F3-9147-01F4042E6842,B6E32DC8685E1241BFFB478CABEC1FA7)) ... skipped because path does not exist
9:378  0:000  Custom entry 1 Title:"Windows" Path:"\EFI\Microsoft\Boot\bootmgfw.efi" Options:"-s -h" Type:7 Flags:0x0 matching all volumes
9:378  0:000      Checking volume "SYSTEM" (PciRoot(0x0)\Pci(0x1D,0x0)\Pci(0x0,0x0)\NVMe(0x1,2D-71-54-44-8B-44-1B-00)\HD(1,GPT,E4E7C60D-1FCD-47A3-A6D7-F5B14B99182D,0x800,0x96000)) ... match!
9:380  0:002  Custom settings: <null string>.plist will  be applied
9:381  0:000      Checking volume "Windows" (PciRoot(0x0)\Pci(0x1D,0x0)\Pci(0x0,0x0)\NVMe(0x1,2D-71-54-44-8B-44-1B-00)\HD(3,GPT,5CA647C3-AFFC-4E73-8E6E-97340BD0EBBD,0xD6800,0x2596D800)) ... skipped because path does not exist
9:381  0:000      Checking volume "WinRE tools" (PciRoot(0x0)\Pci(0x1D,0x0)\Pci(0x0,0x0)\NVMe(0x1,2D-71-54-44-8B-44-1B-00)\HD(4,GPT,3443B019-AB97-4413-A2A0-EBC556266034,0x25A44000,0x1C2000)) ... skipped because path does not exist
9:381  0:000      Checking volume "Preboot" (PciRoot(0x0)\Pci(0x1D,0x0)\Pci(0x0,0x0)\NVMe(0x1,2D-71-54-44-8B-44-1B-00)\HD(5,GPT,13523024-5CA7-45C5-9AB9-892075B25BBA,0x25C06000,0x15DDB288)\VenMedia(BE74FCF7-0B7C-49F3-9147-01F4042E6842,6558EBD4F7B7EB468421A4143CAC5DDE)) ... skipped because volume is hidden
9:381  0:000      Checking volume "Mojave" (PciRoot(0x0)\Pci(0x1D,0x0)\Pci(0x0,0x0)\NVMe(0x1,2D-71-54-44-8B-44-1B-00)\HD(5,GPT,13523024-5CA7-45C5-9AB9-892075B25BBA,0x25C06000,0x15DDB288)\VenMedia(BE74FCF7-0B7C-49F3-9147-01F4042E6842,F78395209A77374C88F267BC0441032F)) ... skipped because path does not exist
9:383  0:002      Checking volume "Recovery" (PciRoot(0x0)\Pci(0x1D,0x0)\Pci(0x0,0x0)\NVMe(0x1,2D-71-54-44-8B-44-1B-00)\HD(5,GPT,13523024-5CA7-45C5-9AB9-892075B25BBA,0x25C06000,0x15DDB288)\VenMedia(BE74FCF7-0B7C-49F3-9147-01F4042E6842,A0F5C35640DA8F41BBAD922C6E577A34)) ... skipped because path does not exist
9:383  0:000      Checking volume "VM" (PciRoot(0x0)\Pci(0x1D,0x0)\Pci(0x0,0x0)\NVMe(0x1,2D-71-54-44-8B-44-1B-00)\HD(5,GPT,13523024-5CA7-45C5-9AB9-892075B25BBA,0x25C06000,0x15DDB288)\VenMedia(BE74FCF7-0B7C-49F3-9147-01F4042E6842,B6E32DC8685E1241BFFB478CABEC1FA7)) ... skipped because path does not exist
9:383  0:000  === [ ScanLoader ] ========================================
9:383  0:000  - [01]: 'SYSTEM'
9:385  0:001          AddLoaderEntry for Volume Name=SYSTEM
9:385  0:000       skipped because path `PciRoot(0x0)\Pci(0x1D,0x0)\Pci(0x0,0x0)\NVMe(0x1,2D-71-54-44-8B-44-1B-00)\HD(1,GPT,E4E7C60D-1FCD-47A3-A6D7-F5B14B99182D,0x800,0x96000)\EFI\microsoft\Boot\bootmgfw.efii` already exists for another entry!
9:411  0:026          AddLoaderEntry for Volume Name=SYSTEM
9:411  0:000          skipped because entry is hidden
9:411  0:000  - [03]: 'Windows'
9:432  0:021  - [04]: 'WinRE tools'
9:456  0:023  - [06]: 'Preboot', hidden
9:456  0:000  - [07]: 'Mojave'
9:634  0:177          AddLoaderEntry for Volume Name=Mojave
9:674  0:040      hibernated: set as never
9:675  0:000          [!] Icon 18 (icons\vol_internal_apfs.icns) not found (path: EFI\CLOVER\themes\bootcamp)
9:780  0:104  - [08]: 'Recovery'
9:796  0:015          AddLoaderEntry for Volume Name=Recovery
9:864  0:068  - [09]: 'VM'
9:885  0:020  === [ AddCustomTool ] =====================================
9:886  0:000  found tool \EFI\CLOVER\tools\Shell64U.efi
9:886  0:000  Checking EFI partition Volume 1 for Clover
9:886  0:000   Found Clover
9:889  0:002  === [ GetEfiBootDeviceFromNvram ] =========================
9:889  0:000   - efi-boot-device-data: PciRoot(0x0)\Pci(0x1D,0x0)\Pci(0x0,0x0)\NVMe(0x1,2D-71-54-44-8B-44-1B-00)\HD(5,GPT,13523024-5CA7-45C5-9AB9-892075B25BBA,0x25C06000,0x15DDB288)\VenMedia(BE74FCF7-0B7C-49F3-9147-01F4042E6842,F78395209A77374C88F267BC0441032F)
9:889  0:000    - Volume: 'PciRoot(0x0)\Pci(0x1D,0x0)\Pci(0x0,0x0)\NVMe(0x1,2D-71-54-44-8B-44-1B-00)\HD(5,GPT,13523024-5CA7-45C5-9AB9-892075B25BBA,0x25C06000,0x15DDB288)\VenMedia(BE74FCF7-0B7C-49F3-9147-01F4042E6842,F78395209A77374C88F267BC0441032F)'
9:889  0:000    - LoaderPath: '<null string>'
9:889  0:000    - Guid = 13523024-5CA7-45C5-9AB9-892075B25BBA
9:889  0:000  === [ FindStartupDiskVolume ] =============================
9:889  0:000    - Volume: partition = PciRoot(0x0)\Pci(0x1D,0x0)\Pci(0x0,0x0)\NVMe(0x1,2D-71-54-44-8B-44-1B-00)\HD(5,GPT,13523024-5CA7-45C5-9AB9-892075B25BBA,0x25C06000,0x15DDB288)\VenMedia(BE74FCF7-0B7C-49F3-9147-01F4042E6842,F78395209A77374C88F267BC0441032F)
9:889  0:000     - searching for that partition
9:889  0:000      - found entry 1. 'Boot macOS from Mojave', Volume 'Mojave'
9:889  0:000  Boot redirected to Entry 1. 'Boot macOS from Mojave'
9:889  0:000  DefaultIndex=1 and MainMenu.EntryCount=9
9:889  0:000  Use anime=logo_3D frames=50
9:916  0:026   found 50 frames of the anime
9:916  0:000   Anime seems OK, init it
10:052  0:136  GUI ready
35:334  25:281  BootVariable of the entry is empty
35:334  0:000  === [ StartLoader ] =======================================
35:334  0:000  Finally: ExternalClock=26MHz BusSpeed=100380kHz CPUFreq=2208MHz PIS: hw.busfrequency=104000000Hz
35:334  0:000  Loading boot.efi  status=Success
35:426  0:092  GetOSVersion: 10.14.4 (18E227)
35:426  0:000  CSR_CFG: CSR_ALLOW_UNTRUSTED_KEXTS | CSR_ALLOW_UNRESTRICTED_FS | CSR_ALLOW_TASK_FOR_PID | CSR_ALLOW_UNRESTRICTED_DTRACE | CSR_ALLOW_UNRESTRICTED_NVRAM
35:426  0:000  Filtering KextPatches:
35:426  0:000   - [00]: com.apple.iokit.IOUSBHostFamily (USB Port Limit Patch 1 ©PMHeart
) :: BinPatch :: [OS: 10.14.4 | MatchOS: 10.14.4 | MatchBuild: All] ==> allowed
35:426  0:000   - [01]: com.apple.driver.usb.AppleUSBXHCI (USB Port Limit Patch 2 ©PMHeart) :: BinPatch :: [OS: 10.14.4 | MatchOS: 10.14.4 | MatchBuild: All] ==> allowed
35:426  0:000   - [02]: com.apple.iokit.IOUSBHostFamily (USB Port Limit Patch 3 ©PMHeart) :: BinPatch :: [OS: 10.14.4 | MatchOS: 10.14.4 | MatchBuild: All] ==> allowed
35:426  0:000  Filtering KernelPatches:
35:426  0:000   - [00]: MSR 0xE2 _xcpm_idle instant reboot(c) Pike R. Alpha :: [OS: 10.14.4 | MatchOS: All | MatchBuild: no] ==> allowed by OS
35:426  0:000   - [01]: Disable panic kext logging on 10.13 release kernel (credit vit9696) :: [OS: 10.14.4 | MatchOS: 10.13.x | MatchBuild: no] ==> not allowed by OS
35:426  0:000   - [02]: Disable panic kext logging on 10.14 release kernel (credit vit9696) :: [OS: 10.14.4 | MatchOS: 10.14.x | MatchBuild: no] ==> allowed by OS
35:426  0:000  Will not patch boot.efi
35:426  0:000  === [ PatchSmbios ] =======================================
35:426  0:000  insert table 9 for dev 0:0
35:426  0:000  insert table 9 for dev 0:1
35:426  0:000  insert table 9 for dev 0:0
35:426  0:000  insert table 9 for dev 14:3
35:427  0:001  Trusting SMBIOS...
35:427  0:000  Detected alternating SMBIOS channel banks
35:427  0:000  Channels: 1
35:427  0:000  Interleave: 0 1 2 3 4 5 6 7 8 9 10 11 12 13 14 15 16 17 18 19 20 21 22 23
35:427  0:000  SMBIOS Type 17 Index = 0 => 0 0:
35:427  0:000  BANK 0 DIMM0 EMPTY
35:427  0:000   partNum=MSI26D4S9D8ME-16    
35:427  0:000  SMBIOS Type 17 Index = 1 => 1 1:
35:427  0:000  BANK 0 DIMM1 2667MHz 16384MB
35:427  0:000  mTotalSystemMemory = 16384
35:427  0:000  NumberOfMemoryDevices = 2
35:427  0:000  Type20[0]->End = 0xFFFFFF, Type17[1] = 0x4000
35:427  0:000  Table 131 is present, CPUType=31
35:427  0:000  Change to: 705
35:427  0:000  === [ PatchACPI ] =========================================
35:427  0:000  Xsdt reallocation done
35:427  0:000  old FADT length=114
35:427  0:000   SignatureFixup: 0xCA5157AD -> 0x0
35:428  0:000  DSDT found in Clover volume OEM folder: EFI\CLOVER\ACPI\patched\DSDT.aml
35:429  0:000  Apply DsdtFixMask=0x00000000
35:429  0:000     drop _DSM mask=0x0000
35:429  0:000  === [ FixBiosDsdt ] =======================================
35:430  0:000  Patching DSDT:
35:430  0:000   - [ACPI Patch]: pattern A00A9353, patched at: [ (13BA4) ]
35:430  0:000   - [HECI to IMEI]: pattern 48454349, patched at: [ (137C2) (17026) (1FAE) ]
35:431  0:000   - [_DSM to XDSM]: pattern 5F44534D, patched at: [ (4369) (38A) (3BF) (3BF) (3BF) (3BF) (3BF) (3BF) (3BF) (3BF) (3BF) (3BF) (3BF) (3BF) (3BF) (3BF) (3BF) (3BF) (3BF) (3BF) (3BF) (3BF) (3BF) (3BF) (3BF) (43C0) (76) (49C) (B) (48A) (5F1) (11) (6B) (22) (22) (3C) (18) (36) (4A) (81F) (26F0) (E3) (E3) (60E) (C0) (C0) (C0) (C0) (C0) (C0) (C0) (C0) (FC) (106) (106) (13E) (2C3) (9E) (58) (244D) (20C2) (2B51) (CC0) (CC0) (CC0) (CC0) (CC0) (CC0) (CC0) (CC0) (CC0) (CC0) (CC0) (CC0) (CC0) (CC0) (CC0) (CC0) (CC0) (CC0) (CC0) (3457) (2BEA) (364) (BE) (34D) (364) (BE) (332) (364) (BE) (332) (364) (BE) (1B6) (102) (110) (CD5F) ]
35:431  0:000   - [_OSI to XOSI]: pattern 5F4F5349, patched at: [ (A64E) (B9D5) (8) (2D) (2D) (2D) (2D) (2D) (2C) (30) (2F) (E06) (3) (18) (1C) (1C) (1A) (18) (18) (18) (19) (8) (24BD5) (8) (1A) (1A) (1A) (1A) (1A) (19) (1C) (1C) ]
35:432  0:000    0 replacements
35:433  0:001  PreCleanup XSDT: count=24, length=228
35:433  0:000  PreCleanup XSDT, corrected XSDT: count=24, length=228
35:433  0:000  === [ ACPIPatchedAML ] ====================================
35:433  0:000  AutoMerge pass 1
35:433  0:000  Unsorted
35:433  0:000  Inserting SSDT-XCPM.aml from EFI\CLOVER\ACPI\patched: ignore on pass 1
35:433  0:000  Inserting SSDT-PNLF.aml from EFI\CLOVER\ACPI\patched: ignore on pass 1
35:433  0:000  Inserting SSDT-DDGPU.aml from EFI\CLOVER\ACPI\patched: ignore on pass 1
35:433  0:000  Inserting SSDT-UIAC-ALL.aml from EFI\CLOVER\ACPI\patched: ignore on pass 1
35:433  0:000  === [ ACPIDropTables ] ====================================
35:433  0:000  0. [ACPI Patch]: pattern A00A9353, bin not found / already patched!
35:433  0:000  1. [HECI to IMEI]: pattern 48454349, bin not found / already patched!
35:433  0:000  2. [_DSM to XDSM]: pattern 5F44534D, bin not found / already patched!
35:433  0:000  3. [_OSI to XOSI]: pattern 5F4F5349, bin not found / already patched!
35:433  0:000    0 replacements
35:433  0:000  0. [ACPI Patch]: pattern A00A9353, bin not found / already patched!
35:433  0:000  1. [HECI to IMEI]: pattern 48454349, bin not found / already patched!
35:433  0:000  2. [_DSM to XDSM]: pattern 5F44534D, bin not found / already patched!
35:433  0:000  3. [_OSI to XOSI]: pattern 5F4F5349, bin not found / already patched!
35:433  0:000    0 replacements
35:433  0:000  Found OperationRegion(PNVS, SystemMemory, 3ADD7000, ...)
35:433  0:000  0. [ACPI Patch]: pattern A00A9353, bin not found / already patched!
35:433  0:000  1. [HECI to IMEI]: pattern 48454349, bin not found / already patched!
35:433  0:000  2. [_DSM to XDSM]: pattern 5F44534D, patched at: [ (2C92) (4D2) ]
35:433  0:000  3. [_OSI to XOSI]: pattern 5F4F5349, bin not found / already patched!
35:433  0:000    0 replacements
35:433  0:000  Found OperationRegion(SANV, SystemMemory, 39505118, ...)
35:433  0:000  0. [ACPI Patch]: pattern A00A9353, bin not found / already patched!
35:433  0:000  1. [HECI to IMEI]: pattern 48454349, bin not found / already patched!
35:433  0:000  2. [_DSM to XDSM]: pattern 5F44534D, patched at: [ (592) (3BC) (3B6) ]
35:433  0:000  3. [_OSI to XOSI]: pattern 5F4F5349, bin not found / already patched!
35:433  0:000    0 replacements
35:433  0:000  0. [ACPI Patch]: pattern A00A9353, bin not found / already patched!
35:433  0:000  1. [HECI to IMEI]: pattern 48454349, bin not found / already patched!
35:433  0:000  2. [_DSM to XDSM]: pattern 5F44534D, bin not found / already patched!
35:433  0:000  3. [_OSI to XOSI]: pattern 5F4F5349, bin not found / already patched!
35:434  0:000    0 replacements
35:434  0:000  0. [ACPI Patch]: pattern A00A9353, bin not found / already patched!
35:434  0:000  1. [HECI to IMEI]: pattern 48454349, bin not found / already patched!
35:434  0:000  2. [_DSM to XDSM]: pattern 5F44534D, bin not found / already patched!
35:434  0:000  3. [_OSI to XOSI]: pattern 5F4F5349, bin not found / already patched!
35:434  0:000    0 replacements
35:434  0:000  0. [ACPI Patch]: pattern A00A9353, bin not found / already patched!
35:434  0:000  1. [HECI to IMEI]: pattern 48454349, bin not found / already patched!
35:434  0:000  2. [_DSM to XDSM]: pattern 5F44534D, bin not found / already patched!
35:434  0:000  3. [_OSI to XOSI]: pattern 5F4F5349, bin not found / already patched!
35:434  0:000    0 replacements
35:434  0:000  0. [ACPI Patch]: pattern A00A9353, bin not found / already patched!
35:434  0:000  1. [HECI to IMEI]: pattern 48454349, bin not found / already patched!
35:434  0:000  2. [_DSM to XDSM]: pattern 5F44534D, bin not found / already patched!
35:434  0:000  3. [_OSI to XOSI]: pattern 5F4F5349, bin not found / already patched!
35:434  0:000    0 replacements
35:434  0:000  Found OperationRegion(ADHD, SystemMemory, 3829F000, ...)
35:434  0:000  Found OperationRegion(ABLK, SystemMemory, 3829F020, ...)
35:434  0:000  0. [ACPI Patch]: pattern A00A9353, bin not found / already patched!
35:434  0:000  1. [HECI to IMEI]: pattern 48454349, bin not found / already patched!
35:434  0:000  2. [_DSM to XDSM]: pattern 5F44534D, bin not found / already patched!
35:434  0:000  3. [_OSI to XOSI]: pattern 5F4F5349, bin not found / already patched!
35:434  0:000    0 replacements
35:434  0:000  0. [ACPI Patch]: pattern A00A9353, bin not found / already patched!
35:434  0:000  1. [HECI to IMEI]: pattern 48454349, bin not found / already patched!
35:434  0:000  2. [_DSM to XDSM]: pattern 5F44534D, patched at: [ (85) (80F) (1868) (41) (11) ]
35:434  0:000  3. [_OSI to XOSI]: pattern 5F4F5349, patched at: [ (1980) ]
35:434  0:000    0 replacements
35:434  0:000  === [ ACPIPatchedAML ] ====================================
35:434  0:000  AutoMerge pass 2
35:434  0:000  Unsorted
35:434  0:000  Inserting SSDT-XCPM.aml from EFI\CLOVER\ACPI\patched: size=80 ... Success
35:434  0:000  Inserting SSDT-PNLF.aml from EFI\CLOVER\ACPI\patched: size=125 ... Success
35:434  0:000  Inserting SSDT-DDGPU.aml from EFI\CLOVER\ACPI\patched: size=146 ... Success
35:435  0:000  Inserting SSDT-UIAC-ALL.aml from EFI\CLOVER\ACPI\patched: size=621 ... Success
35:435  0:000  CPUBase=0 and ApicCPUBase=1 ApicCPUNum=1
35:435  0:000  Drop tables from XSDT, SIGN=APIC TableID= Length=0
35:435  0:000   Table[1]: APIC  MEGABOOK  244 dropped
35:435  0:000  Found subtable in MADT: type=0
35:435  0:000  LocalApicNMI is already present, no patch needed
35:435  0:000  New APIC table successfully inserted
35:450  0:014  Patched APIC table saved into efi/clover/acpi/origin/APIC-p.aml 
35:450  0:000  Maximum control=0x16
35:450  0:000  Turbo control=0x29
35:450  0:000  P-States: min 0x8, max 0x29
35:450  0:000  SSDT with CPU P-States and plugin-type generated successfully
35:450  0:000  Cleanup XSDT: count=30, length=276
35:450  0:000  corrected XSDT count=29, length=268
35:450  0:000  === [ RestSetup macOS ] ===================================
35:450  0:000  EdidDiscovered size=128
35:450  0:000  --- Discovered EDID Table size:128
35:450  0:000  000  |  00  FF  FF  FF  FF  FF  FF  00  06  AF
35:450  0:000  010  |  ED  80  00  00  00  00  10  1B  01  04
35:450  0:000  020  |  A5  22  13  78  02  6A  75  A4  56  52
35:450  0:000  030  |  9C  27  0B  50  54  00  00  00  01  01
35:450  0:000  040  |  01  01  01  01  01  01  01  01  01  01
35:450  0:000  050  |  01  01  01  01  CE  8F  80  B6  70  38
35:450  0:000  060  |  88  40  30  20  A5  00  58  C1  10  00
35:450  0:000  070  |  00  00  CE  8F  80  B6  70  38  2B  47
35:450  0:000  080  |  30  20  A5  00  58  C1  10  00  00  00
35:450  0:000  090  |  00  00  00  FE  00  41  55  4F  0A  20
35:450  0:000  100  |  20  20  20  20  20  20  20  20  00  00
35:450  0:000  110  |  00  FE  00  42  31  35  36  48  41  4E
35:450  0:000  120  |  30  38  2E  30  20  0A  00  17
35:450  0:000  add device: PciRoot(0x0)/Pci(0x1F,0x3)
35:450  0:000     Add key=layout-id valuelen=4
35:450  0:000  add device: PciRoot(0x0)/Pci(0x2,0x0)
35:450  0:000     Add key=framebuffer-stolenmem valuelen=4
35:450  0:000     Add key=framebuffer-patch-enable valuelen=4
35:450  0:000     Add key=framebuffer-fbmem valuelen=4
35:450  0:000     Add key=AAPL,ig-platform-id valuelen=4
35:450  0:000  NVidia GFX injection not set
35:450  0:000  Intel UHD Graphics 630 [8086:3E9B] :: PciRoot(0x0)\Pci(0x2,0x0)
35:450  0:000    ig-platform-id = 0x3E9B0000
35:450  0:000  Intel GFX revision  = 0x0
35:451  0:000   RCBA disabled; cannot use it
35:451  0:000   setting specified layout-id=1 (0x1)
35:451  0:000  stringlength = 3044
35:451  0:000  CurrentMode: Width=1920 Height=1080
35:451  0:000  Beginning FSInjection
FSInjectionInstall ...
- Our FSI_SIMPLE_FILE_SYSTEM_PROTOCOL installed on handle: 3402A818
FSInjectionInstall ...
- Our FSI_SIMPLE_FILE_SYSTEM_PROTOCOL installed on handle: 3402A818
35:458  0:007  Use origin smbios table type 1 guid.
35:476  0:018    Force kext: System\Library\Extensions\IONetworkingFamily.kext
35:595  0:118      Force PlugIn kext: System\Library\Extensions\IONetworkingFamily.kext\Contents\PlugIns\nvenet.kext
35:636  0:041      Force PlugIn kext: System\Library\Extensions\IONetworkingFamily.kext\Contents\PlugIns\AppleEthernetAquantiaAqtion.kext
35:678  0:042      Force PlugIn kext: System\Library\Extensions\IONetworkingFamily.kext\Contents\PlugIns\AppleBCM5701Ethernet.kext
35:723  0:044      Force PlugIn kext: System\Library\Extensions\IONetworkingFamily.kext\Contents\PlugIns\AppleIntelI210Ethernet.kext
35:763  0:040      Force PlugIn kext: System\Library\Extensions\IONetworkingFamily.kext\Contents\PlugIns\Intel82574L.kext
35:803  0:039      Force PlugIn kext: System\Library\Extensions\IONetworkingFamily.kext\Contents\PlugIns\IOEthernetAVBController.kext
35:841  0:038      Force PlugIn kext: System\Library\Extensions\IONetworkingFamily.kext\Contents\PlugIns\AppleYukon2.kext
35:882  0:041      Force PlugIn kext: System\Library\Extensions\IONetworkingFamily.kext\Contents\PlugIns\AppleEthernetAquantiaAqtionFirmware.kext
35:927  0:044      Force PlugIn kext: System\Library\Extensions\IONetworkingFamily.kext\Contents\PlugIns\AppleIntel8254XEthernet.kext
35:965  0:038      Force PlugIn kext: System\Library\Extensions\IONetworkingFamily.kext\Contents\PlugIns\AppleVmxnet3Ethernet.kext
36:005  0:039      Force PlugIn kext: System\Library\Extensions\IONetworkingFamily.kext\Contents\PlugIns\mDNSOffloadUserClient.kext
36:041  0:036  Preparing kexts injection for arch=x86_64 from EFI\CLOVER\kexts\Other
36:041  0:000  Extra kext: EFI\CLOVER\kexts\Other\BrcmPatchRAM2.kext (v.2.2.10)
36:043  0:001  Extra kext: EFI\CLOVER\kexts\Other\BrcmFirmwareRepo.kext (v.2.2.10)
36:044  0:001  Extra kext: EFI\CLOVER\kexts\Other\AtherosE2200Ethernet.kext (v.2.2.2)
36:045  0:001  Extra kext: EFI\CLOVER\kexts\Other\USBInjectAll.kext (v.0.7.1)
36:084  0:039  Extra kext: EFI\CLOVER\kexts\Other\VoodooPS2Controller.kext (v.1.9.2)
36:087  0:002    |-- PlugIn kext: EFI\CLOVER\kexts\Other\VoodooPS2Controller.kext\Contents\PlugIns\VoodooPS2Mouse.kext (v.1.9.2)
36:090  0:002    |-- PlugIn kext: EFI\CLOVER\kexts\Other\VoodooPS2Controller.kext\Contents\PlugIns\VoodooPS2Keyboard.kext (v.1.9.2)
36:095  0:005    |-- PlugIn kext: EFI\CLOVER\kexts\Other\VoodooPS2Controller.kext\Contents\PlugIns\VoodooPS2Trackpad.kext (v.1.9.2)
36:101  0:005  Extra kext: EFI\CLOVER\kexts\Other\FakeSMC.kext (v.1800)
36:108  0:007  SetStartupDiskVolume:
36:108  0:000    * Volume: 'Mojave'
36:108  0:000    * LoaderPath: '<null string>'
36:108  0:000    * DevPath: Mojave
36:108  0:000    * GUID = 13523024-5CA7-45C5-9AB9-892075B25BBA
36:108  0:000    * efi-boot-device: <array><dict><key>IOMatch</key><dict><key>IOProviderClass</key><string>IOMedia</string><key>IOPropertyMatch</key><dict><key>UUID</key><string>13523024-5CA7-45C5-9AB9-892075B25BBA</string></dict></dict></dict></array>
36:108  0:000  SetScreenResolution: 1920x1080 - already set
36:108  0:000  Custom boot is disabled
36:110  0:001  Closing log
